2017-04-25 21:50:58,151 [Worker-4] INFO  c.g.e.m.h.c.ui.Html5AppCoreUIPlugin - Pluging started
2017-04-25 21:51:02,167 [Worker-13] INFO  o.e.m.c.i.i.nexus.NexusIndexManager - Updating index for repository: nexus|http://maven.dtdream.com/content/groups/public/
2017-04-25 21:51:02,340 [Worker-13] ERROR o.e.m.c.i.i.nexus.NexusIndexManager - Unable to update index for nexus|http://maven.dtdream.com/content/groups/public/: http://maven.dtdream.com/content/groups/public/.index/nexus-maven-repository-index.properties
java.io.FileNotFoundException: http://maven.dtdream.com/content/groups/public/.index/nexus-maven-repository-index.properties
	at com.squareup.okhttp.internal.http.HttpURLConnectionImpl.getInputStream(HttpURLConnectionImpl.java:203) ~[okhttp-1.5.4.jar:na]
	at io.tesla.aether.okhttp.OkHttpAetherClient$ResponseAdapter.getInputStream(OkHttpAetherClient.java:265) ~[aether-connector-okhttp-0.12.0.jar:0.12.0]
	at org.eclipse.m2e.core.internal.index.nexus.AetherClientResourceFetcher.retrieve(AetherClientResourceFetcher.java:83) ~[org.eclipse.m2e.core_1.5.0.me201410311552.jar:na]
	at org.apache.maven.index.updater.AbstractResourceFetcher.retrieve(AbstractResourceFetcher.java:35) ~[indexer-core-3.1.0.jar:3.1.0]
	at org.apache.maven.index.updater.DefaultIndexUpdater.downloadIndexProperties(DefaultIndexUpdater.java:452) ~[indexer-core-3.1.0.jar:3.1.0]
	at org.apache.maven.index.updater.DefaultIndexUpdater.access$100(DefaultIndexUpdater.java:75) ~[indexer-core-3.1.0.jar:3.1.0]
	at org.apache.maven.index.updater.DefaultIndexUpdater$IndexAdaptor.setProperties(DefaultIndexUpdater.java:607) ~[indexer-core-3.1.0.jar:3.1.0]
	at org.apache.maven.index.updater.DefaultIndexUpdater.fetchAndUpdateIndex(DefaultIndexUpdater.java:788) ~[indexer-core-3.1.0.jar:3.1.0]
	at org.apache.maven.index.updater.DefaultIndexUpdater.fetchAndUpdateIndex(DefaultIndexUpdater.java:135) ~[indexer-core-3.1.0.jar:3.1.0]
	at org.eclipse.m2e.core.internal.index.nexus.NexusIndexManager.updateRemoteIndex(NexusIndexManager.java:1238) [org.eclipse.m2e.core_1.5.0.me201410311552.jar:na]
	at org.eclipse.m2e.core.internal.index.nexus.NexusIndexManager.updateIndex(NexusIndexManager.java:1193) [org.eclipse.m2e.core_1.5.0.me201410311552.jar:na]
	at org.eclipse.m2e.core.internal.index.nexus.NexusIndexManager$1.run(NexusIndexManager.java:703) [org.eclipse.m2e.core_1.5.0.me201410311552.jar:na]
	at org.eclipse.m2e.core.internal.index.nexus.IndexUpdaterJob.run(IndexUpdaterJob.java:72) [org.eclipse.m2e.core_1.5.0.me201410311552.jar:na]
	at org.eclipse.core.internal.jobs.Worker.run(Worker.java:54) [org.eclipse.core.jobs_3.6.0.v20140424-0053.jar:na]
2017-04-25 21:51:02,341 [Worker-13] INFO  o.e.m.c.i.i.nexus.NexusIndexManager - Updating index for repository: central|http://repo.maven.apache.org/maven2
2017-04-25 21:51:21,110 [Worker-13] INFO  o.e.m.c.i.i.nexus.NexusIndexManager - Updated index for repository: central|http://repo.maven.apache.org/maven2 in 18769 ms
